<?xml version="1.0" encoding="UTF-8"?>
<!-- Generated by org.testng.reporters.JUnitReportReporter -->
<testsuite hostname="DESKTOP-E8GOKFM" failures="0" tests="1" name="Assert_method.Assert_True" time="0.015" errors="0" timestamp="2022-11-04T10:59:02 IST" skipped="0">
  <testcase classname="Assert_method.Assert_True" name="TC1" time="0.015"/>
  <system-out>
    <![CDATA[Running TC1,true]]>
  </system-out>
</testsuite> <!-- Assert_method.Assert_True -->
