<?xml version="1.0" encoding="UTF-8"?>
<!-- Generated by org.testng.reporters.JUnitReportReporter -->
<testsuite hostname="DESKTOP-E8GOKFM" failures="0" tests="1" name="TestNG.Timeouts" time="0.017" errors="0" timestamp="2022-10-31T21:33:15 IST" skipped="0">
  <testcase classname="TestNG.Timeouts" name="tc1" time="0.017"/>
  <system-out>
    <![CDATA[running tc1]]>
  </system-out>
</testsuite> <!-- TestNG.Timeouts -->
