<?xml version="1.0" encoding="UTF-8"?>
<!-- Generated by org.testng.reporters.JUnitReportReporter -->
<testsuite hostname="DESKTOP-E8GOKFM" failures="0" tests="1" name="POMWithTestNG.TestClass" time="12.922" errors="0" timestamp="2022-11-12T15:41:10 IST" skipped="0">
  <testcase classname="POMWithTestNG.TestClass" name="verifyText" time="12.922"/>
  <system-out>
    <![CDATA[Running Tc]]>
  </system-out>
</testsuite> <!-- POMWithTestNG.TestClass -->
