<?xml version="1.0" encoding="UTF-8"?>
<!-- Generated by org.testng.reporters.JUnitReportReporter -->
<testsuite hostname="DESKTOP-E8GOKFM" failures="0" tests="3" name="BatchExecution.A2" time="0.011" errors="0" timestamp="2022-11-01T21:19:19 IST" skipped="0">
  <testcase classname="BatchExecution.A2" name="tc6" time="0.004"/>
  <system-out>
    <![CDATA[running tc6]]>
  </system-out>
  <testcase classname="BatchExecution.A2" name="tc5" time="0.002"/>
  <system-out>
    <![CDATA[tc5 is running]]>
  </system-out>
  <testcase classname="BatchExecution.A2" name="tc4" time="0.005"/>
  <system-out>
    <![CDATA[running tc4]]>
  </system-out>
</testsuite> <!-- BatchExecution.A2 -->
