<?xml version="1.0" encoding="UTF-8"?>
<!-- Generated by org.testng.reporters.JUnitReportReporter -->
<testsuite hostname="DESKTOP-E8GOKFM" failures="0" tests="1" name="Assert_method.assertEquals" time="0.018" errors="0" timestamp="2022-11-04T10:48:26 IST" skipped="0">
  <testcase classname="Assert_method.assertEquals" name="TC1" time="0.018"/>
  <system-out/>
</testsuite> <!-- Assert_method.assertEquals -->
