<?xml version="1.0" encoding="UTF-8"?>
<!-- Generated by org.testng.reporters.JUnitReportReporter -->
<testsuite hostname="DESKTOP-E8GOKFM" failures="0" tests="1" name="ParallelExecution.P3" time="30.749" errors="0" timestamp="2022-11-03T21:32:33 IST" skipped="0">
  <testcase classname="ParallelExecution.P3" name="TC1" time="30.749"/>
  <system-out/>
</testsuite> <!-- ParallelExecution.P3 -->
