<?xml version="1.0" encoding="UTF-8"?>
<!-- Generated by org.testng.reporters.JUnitReportReporter -->
<testsuite hostname="DESKTOP-E8GOKFM" failures="0" tests="2" name="MultiBrowsing.Multibrowsing" time="202.378" errors="0" timestamp="2022-11-02T21:37:05 IST" skipped="0">
  <testcase classname="MultiBrowsing.Multibrowsing" name="TC" time="76.180"/>
  <system-out/>
  <testcase classname="MultiBrowsing.Multibrowsing" name="TC" time="126.198"/>
  <system-out/>
</testsuite> <!-- MultiBrowsing.Multibrowsing -->
