<?xml version="1.0" encoding="UTF-8"?>
<!-- Generated by org.testng.reporters.JUnitReportReporter -->
<testsuite hostname="DESKTOP-E8GOKFM" failures="0" tests="2" name="TestNG.Enabled" time="0.013" errors="0" timestamp="2022-10-31T21:24:20 IST" skipped="1">
  <testcase classname="TestNG.Enabled" name="logout" time="0.013"/>
  <system-out>
    <![CDATA[logout tc is running]]>
  </system-out>
  <testcase classname="TestNG.Enabled" name="Login">
    <skipped/>
  </testcase> <!-- Login -->
  <system-out/>
</testsuite> <!-- TestNG.Enabled -->
