<?xml version="1.0" encoding="UTF-8"?>
<!-- Generated by org.testng.reporters.JUnitReportReporter -->
<testsuite hostname="DESKTOP-E8GOKFM" failures="0" tests="2" name="TestNG.dependsOnMethod" time="0.018" errors="0" timestamp="2022-10-31T21:50:32 IST" skipped="0">
  <testcase classname="TestNG.dependsOnMethod" name="Login" time="0.012"/>
  <system-out>
    <![CDATA[Login tc is running]]>
  </system-out>
  <testcase classname="TestNG.dependsOnMethod" name="logout" time="0.006"/>
  <system-out>
    <![CDATA[logout tc is running]]>
  </system-out>
</testsuite> <!-- TestNG.dependsOnMethod -->
