<?xml version="1.0" encoding="UTF-8"?>
<!-- Generated by org.testng.reporters.JUnitReportReporter -->
<testsuite hostname="DESKTOP-E8GOKFM" failures="0" tests="1" name="TestNG.TestNG" time="0.017" errors="0" timestamp="2022-10-30T07:20:52 IST" skipped="0">
  <testcase classname="TestNG.TestNG" name="m1" time="0.017"/>
  <system-out>
    <![CDATA[hi]]>
  </system-out>
</testsuite> <!-- TestNG.TestNG -->
