<?xml version="1.0" encoding="UTF-8"?>
<!-- Generated by org.testng.reporters.JUnitReportReporter -->
<testsuite hostname="DESKTOP-E8GOKFM" failures="0" tests="10" name="TestNG.Invocation_count" time="0.035" errors="0" timestamp="2022-10-31T16:26:51 IST" skipped="0">
  <testcase classname="TestNG.Invocation_count" name="tc1" time="0.002"/>
  <system-out>
    <![CDATA[running tc1]]>
  </system-out>
  <testcase classname="TestNG.Invocation_count" name="tc1" time="0.001"/>
  <system-out>
    <![CDATA[running tc1]]>
  </system-out>
  <testcase classname="TestNG.Invocation_count" name="tc1" time="0.003"/>
  <system-out>
    <![CDATA[running tc1]]>
  </system-out>
  <testcase classname="TestNG.Invocation_count" name="tc1" time="0.007"/>
  <system-out>
    <![CDATA[running tc1]]>
  </system-out>
  <testcase classname="TestNG.Invocation_count" name="tc1" time="0.002"/>
  <system-out>
    <![CDATA[running tc1]]>
  </system-out>
  <testcase classname="TestNG.Invocation_count" name="tc1" time="0.004"/>
  <system-out>
    <![CDATA[running tc1]]>
  </system-out>
  <testcase classname="TestNG.Invocation_count" name="tc1" time="0.001"/>
  <system-out>
    <![CDATA[running tc1]]>
  </system-out>
  <testcase classname="TestNG.Invocation_count" name="tc1" time="0.002"/>
  <system-out>
    <![CDATA[running tc1]]>
  </system-out>
  <testcase classname="TestNG.Invocation_count" name="tc1" time="0.001"/>
  <system-out>
    <![CDATA[running tc1]]>
  </system-out>
  <testcase classname="TestNG.Invocation_count" name="tc1" time="0.012"/>
  <system-out>
    <![CDATA[running tc1]]>
  </system-out>
</testsuite> <!-- TestNG.Invocation_count -->
