<?xml version="1.0" encoding="UTF-8"?>
<!-- Generated by org.testng.reporters.JUnitReportReporter -->
<testsuite hostname="DESKTOP-E8GOKFM" failures="0" tests="1" name="TestNG.Annotations" time="0.011" errors="0" timestamp="2022-10-31T23:26:20 IST" skipped="0">
  <testcase classname="TestNG.Annotations" name="verifyID" time="0.011"/>
  <system-out>
    <![CDATA[verify user id]]>
  </system-out>
</testsuite> <!-- TestNG.Annotations -->
