<?xml version="1.0" encoding="UTF-8"?>
<!-- Generated by org.testng.reporters.JUnitReportReporter -->
<testsuite hostname="DESKTOP-E8GOKFM" failures="0" tests="3" name="TestNG.Priority" time="0.017" errors="0" timestamp="2022-10-31T16:18:26 IST" skipped="0">
  <testcase classname="TestNG.Priority" name="tc2" time="0.012"/>
  <system-out>
    <![CDATA[tc2 is running]]>
  </system-out>
  <testcase classname="TestNG.Priority" name="tc3" time="0.002"/>
  <system-out>
    <![CDATA[running tc3]]>
  </system-out>
  <testcase classname="TestNG.Priority" name="tc1" time="0.003"/>
  <system-out>
    <![CDATA[running tc1]]>
  </system-out>
</testsuite> <!-- TestNG.Priority -->
