<?xml version="1.0" encoding="UTF-8"?>
<!-- Generated by org.testng.reporters.JUnitReportReporter -->
<testsuite hostname="DESKTOP-E8GOKFM" failures="0" tests="1" name="ParallelExecution.P2" time="27.134" errors="0" timestamp="2022-11-03T21:32:33 IST" skipped="0">
  <testcase classname="ParallelExecution.P2" name="TC1" time="27.134"/>
  <system-out/>
</testsuite> <!-- ParallelExecution.P2 -->
