<?xml version="1.0" encoding="UTF-8"?>
<!-- Generated by org.testng.reporters.JUnitReportReporter -->
<testsuite hostname="DESKTOP-E8GOKFM" failures="0" tests="3" name="BatchExecution.A1" time="0.023" errors="0" timestamp="2022-11-01T21:19:19 IST" skipped="0">
  <testcase classname="BatchExecution.A1" name="tc3" time="0.003"/>
  <system-out>
    <![CDATA[running tc3]]>
  </system-out>
  <testcase classname="BatchExecution.A1" name="tc1" time="0.017"/>
  <system-out>
    <![CDATA[running tc1]]>
  </system-out>
  <testcase classname="BatchExecution.A1" name="tc2" time="0.003"/>
  <system-out>
    <![CDATA[tc2 is running]]>
  </system-out>
</testsuite> <!-- BatchExecution.A1 -->
