<?xml version="1.0" encoding="UTF-8"?>
<!-- Generated by org.testng.reporters.JUnitReportReporter -->
<testsuite hostname="DESKTOP-E8GOKFM" failures="0" tests="3" name="BatchExecution.A3" time="0.010" errors="0" timestamp="2022-11-01T21:19:19 IST" skipped="0">
  <testcase classname="BatchExecution.A3" name="tc7" time="0.002"/>
  <system-out>
    <![CDATA[running tc7]]>
  </system-out>
  <testcase classname="BatchExecution.A3" name="tc8" time="0.002"/>
  <system-out>
    <![CDATA[tc8 is running]]>
  </system-out>
  <testcase classname="BatchExecution.A3" name="tc9" time="0.006"/>
  <system-out>
    <![CDATA[running tc9]]>
  </system-out>
</testsuite> <!-- BatchExecution.A3 -->
